[pid:17460] 2026-07-03T20:37:22.854702Z  INFO shioaji::api::api_v1::auth::token_login: No cached token available, performing new login
[pid:17460] 2026-07-03T20:37:23.122927Z  INFO shioaji::api::api_v1::auth::token_login: Stored new token in slot 1
[pid:17460] 2026-07-03T20:37:23.166971Z  INFO shioaji::api::api_v1::contracts::api: Fetched 127 IND contracts (1 pages)
[pid:17460] 2026-07-03T20:37:27.243980Z  INFO shioaji::api::api_v1::contracts::api: Fetched 41701 STK contracts (9 pages)
[pid:17460] 2026-07-03T20:37:27.549715Z  INFO shioaji::api::api_v1::contracts::api: Fetched 2479 FUT contracts (1 pages)
[pid:17460] 2026-07-03T20:37:28.693599Z  INFO shioaji::api::api_v1::contracts::api: Fetched 9447 OPT contracts (2 pages)
[pid:17460] 2026-07-03T20:37:28.720903Z  INFO _core::api::auth::login: Loaded 53754 contracts after login
[pid:17460] 2026-07-03T20:37:28.849969Z  INFO shioaji::api::token_pool: Successfully released token slot 1 via temporary runtime
[pid:23980] 2026-07-03T20:37:39.998646Z  INFO shioaji::api::api_v1::auth::token_login: Found cached token from slot 1, verifying...
[pid:23980] 2026-07-03T20:37:40.038254Z  INFO shioaji::api::api_v1::auth::token_login: Cached token is valid, using it
[pid:23980] 2026-07-03T20:37:40.064777Z  INFO shioaji::api::api_v1::contracts::api: Loaded 127 IND contracts from cache
[pid:23980] 2026-07-03T20:37:40.074441Z  INFO shioaji::api::api_v1::contracts::api: Loaded 41701 STK contracts from cache
[pid:23980] 2026-07-03T20:37:40.080679Z  INFO shioaji::api::api_v1::contracts::api: Loaded 2479 FUT contracts from cache
[pid:23980] 2026-07-03T20:37:40.087402Z  INFO shioaji::api::api_v1::contracts::api: Loaded 9447 OPT contracts from cache
[pid:23980] 2026-07-03T20:37:40.087471Z  INFO _core::api::auth::login: Loaded 53754 contracts after login
[pid:19432] 2026-07-03T20:37:48.717094Z  INFO shioaji::api::api_v1::auth::token_login: Found cached token from slot 1, verifying...
[pid:19432] 2026-07-03T20:37:48.753164Z  INFO shioaji::api::api_v1::auth::token_login: Cached token is valid, using it
[pid:19432] 2026-07-03T20:37:48.758546Z  INFO shioaji::api::api_v1::contracts::api: Loaded 127 IND contracts from cache
[pid:19432] 2026-07-03T20:37:48.762643Z  INFO shioaji::api::api_v1::contracts::api: Loaded 41701 STK contracts from cache
[pid:19432] 2026-07-03T20:37:48.763789Z  INFO shioaji::api::api_v1::contracts::api: Loaded 2479 FUT contracts from cache
[pid:19432] 2026-07-03T20:37:48.765538Z  INFO shioaji::api::api_v1::contracts::api: Loaded 9447 OPT contracts from cache
[pid:19432] 2026-07-03T20:37:48.765602Z  INFO _core::api::auth::login: Loaded 53754 contracts after login
[pid:19432] 2026-07-03T20:37:50.211308Z  INFO shioaji::api::token_pool: Successfully released token slot 1 via temporary runtime
[pid:7364] 2026-07-03T20:38:28.304407Z  INFO shioaji::api::api_v1::auth::token_login: Found cached token from slot 1, verifying...
[pid:7364] 2026-07-03T20:38:28.340425Z  INFO shioaji::api::api_v1::auth::token_login: Cached token is valid, using it
[pid:7364] 2026-07-03T20:38:28.346875Z  INFO shioaji::api::api_v1::contracts::api: Loaded 127 IND contracts from cache
[pid:7364] 2026-07-03T20:38:28.353227Z  INFO shioaji::api::api_v1::contracts::api: Loaded 41701 STK contracts from cache
[pid:7364] 2026-07-03T20:38:28.354311Z  INFO shioaji::api::api_v1::contracts::api: Loaded 2479 FUT contracts from cache
[pid:7364] 2026-07-03T20:38:28.355960Z  INFO shioaji::api::api_v1::contracts::api: Loaded 9447 OPT contracts from cache
[pid:7364] 2026-07-03T20:38:28.356021Z  INFO _core::api::auth::login: Loaded 53754 contracts after login
[pid:7364] 2026-07-03T20:38:28.455187Z  INFO shioaji::api::token_pool: Successfully released token slot 1 via temporary runtime
[pid:20756] 2026-07-03T20:38:48.840098Z  INFO shioaji::api::api_v1::auth::token_login: Found cached token from slot 1, verifying...
[pid:20756] 2026-07-03T20:38:48.877804Z  INFO shioaji::api::api_v1::auth::token_login: Cached token is valid, using it
[pid:20756] 2026-07-03T20:38:48.884617Z  INFO shioaji::api::api_v1::contracts::api: Loaded 127 IND contracts from cache
[pid:20756] 2026-07-03T20:38:48.891249Z  INFO shioaji::api::api_v1::contracts::api: Loaded 41701 STK contracts from cache
[pid:20756] 2026-07-03T20:38:48.892366Z  INFO shioaji::api::api_v1::contracts::api: Loaded 2479 FUT contracts from cache
[pid:20756] 2026-07-03T20:38:48.894141Z  INFO shioaji::api::api_v1::contracts::api: Loaded 9447 OPT contracts from cache
[pid:20756] 2026-07-03T20:38:48.894204Z  INFO _core::api::auth::login: Loaded 53754 contracts after login
[pid:22324] 2026-07-10T19:03:22.218524Z  INFO shioaji::api::api_v1::auth::token_login: No cached token available, performing new login
[pid:22324] 2026-07-10T19:03:23.015872Z  INFO shioaji::api::api_v1::auth::token_login: Stored new token in slot 1
[pid:22324] 2026-07-10T19:03:23.030291Z  INFO shioaji::api::api_v1::contracts::cache: Removing old cache file: C:\Users\User\.shioaji\contracts-1.5.3-FUT-TW.parquet.lock
[pid:22324] 2026-07-10T19:03:23.030639Z  INFO shioaji::api::api_v1::contracts::cache: Removing old cache file: C:\Users\User\.shioaji\contracts-1.5.3-IND-TW.parquet.lock
[pid:22324] 2026-07-10T19:03:23.030875Z  INFO shioaji::api::api_v1::contracts::cache: Removing old cache file: C:\Users\User\.shioaji\contracts-1.5.3-OPT-TW.parquet.lock
[pid:22324] 2026-07-10T19:03:23.031100Z  INFO shioaji::api::api_v1::contracts::cache: Removing old cache file: C:\Users\User\.shioaji\contracts-1.5.3-STK-TW.parquet.lock
[pid:22324] 2026-07-10T19:03:23.051669Z  INFO shioaji::api::api_v1::contracts::api: Fetched 127 IND contracts (1 pages)
[pid:22324] 2026-07-10T19:03:27.593143Z  INFO shioaji::api::api_v1::contracts::api: Fetched 41625 STK contracts (9 pages)
[pid:22324] 2026-07-10T19:03:27.965357Z  INFO shioaji::api::api_v1::contracts::api: Fetched 2467 FUT contracts (1 pages)
[pid:22324] 2026-07-10T19:03:29.044350Z  INFO shioaji::api::api_v1::contracts::api: Fetched 8914 OPT contracts (2 pages)
[pid:22324] 2026-07-10T19:03:29.074827Z  INFO _core::api::auth::login: Loaded 53133 contracts after login
[pid:22324] 2026-07-10T19:03:29.235766Z  INFO shioaji::api::token_pool: Successfully released token slot 1 via temporary runtime
[pid:5372] 2026-07-10T19:03:45.095168Z  INFO shioaji::api::api_v1::auth::token_login: Found cached token from slot 1, verifying...
[pid:5372] 2026-07-10T19:03:45.141673Z  INFO shioaji::api::api_v1::auth::token_login: Cached token is valid, using it
[pid:5372] 2026-07-10T19:03:45.171488Z  INFO shioaji::api::api_v1::contracts::api: Loaded 127 IND contracts from cache
[pid:5372] 2026-07-10T19:03:45.181507Z  INFO shioaji::api::api_v1::contracts::api: Loaded 41625 STK contracts from cache
[pid:5372] 2026-07-10T19:03:45.187868Z  INFO shioaji::api::api_v1::contracts::api: Loaded 2467 FUT contracts from cache
[pid:5372] 2026-07-10T19:03:45.196379Z  INFO shioaji::api::api_v1::contracts::api: Loaded 8914 OPT contracts from cache
[pid:5372] 2026-07-10T19:03:45.196471Z  INFO _core::api::auth::login: Loaded 53133 contracts after login
[pid:5372] 2026-07-10T19:04:07.516686Z  INFO shioaji::api::token_pool: Successfully released token slot 1 via temporary runtime
[pid:17908] 2026-07-14T20:23:24.611432Z  INFO shioaji::api::api_v1::auth::token_login: No cached token available, performing new login
[pid:17908] 2026-07-14T20:23:24.808647Z  INFO shioaji::api::api_v1::auth::token_login: Stored new token in slot 1
[pid:17908] 2026-07-14T20:23:24.840067Z  INFO shioaji::api::api_v1::contracts::api: Fetched 127 IND contracts (1 pages)
[pid:17908] 2026-07-14T20:23:28.994082Z  INFO shioaji::api::api_v1::contracts::api: Fetched 41452 STK contracts (9 pages)
[pid:17908] 2026-07-14T20:23:29.316291Z  INFO shioaji::api::api_v1::contracts::api: Fetched 2498 FUT contracts (1 pages)
[pid:17908] 2026-07-14T20:23:30.322319Z  INFO shioaji::api::api_v1::contracts::api: Fetched 8439 OPT contracts (2 pages)
[pid:17908] 2026-07-14T20:23:30.344556Z  INFO _core::api::auth::login: Loaded 52516 contracts after login
[pid:17908] 2026-07-14T20:23:31.738105Z  INFO shioaji::api::token_pool: Successfully released token slot 1 via temporary runtime
[pid:5328] 2026-07-21T17:33:01.809261Z  INFO shioaji::api::api_v1::auth::token_login: No cached token available, performing new login
[pid:5328] 2026-07-21T17:33:02.003290Z  INFO shioaji::api::api_v1::auth::token_login: Stored new token in slot 2
[pid:5328] 2026-07-21T17:33:02.039385Z  INFO shioaji::api::api_v1::contracts::api: Fetched 127 IND contracts (1 pages)
[pid:5328] 2026-07-21T17:33:06.373893Z  INFO shioaji::api::api_v1::contracts::api: Fetched 41742 STK contracts (9 pages)
[pid:5328] 2026-07-21T17:33:06.771174Z  INFO shioaji::api::api_v1::contracts::api: Fetched 2504 FUT contracts (1 pages)
[pid:5328] 2026-07-21T17:33:07.838058Z  INFO shioaji::api::api_v1::contracts::api: Fetched 8821 OPT contracts (2 pages)
[pid:5328] 2026-07-21T17:33:07.869517Z  INFO _core::api::auth::login: Loaded 53194 contracts after login
[pid:18928] 2026-07-21T17:36:25.201864Z  INFO shioaji::api::api_v1::auth::token_login: Found cached token from slot 2, verifying...
[pid:18928] 2026-07-21T17:36:25.249231Z  INFO shioaji::api::api_v1::auth::token_login: Cached token is valid, using it
[pid:18928] 2026-07-21T17:36:25.290672Z  INFO shioaji::api::api_v1::contracts::api: Loaded 127 IND contracts from cache
[pid:18928] 2026-07-21T17:36:25.300690Z  INFO shioaji::api::api_v1::contracts::api: Loaded 41742 STK contracts from cache
[pid:18928] 2026-07-21T17:36:25.307501Z  INFO shioaji::api::api_v1::contracts::api: Loaded 2504 FUT contracts from cache
[pid:18928] 2026-07-21T17:36:25.314821Z  INFO shioaji::api::api_v1::contracts::api: Loaded 8821 OPT contracts from cache
[pid:18928] 2026-07-21T17:36:25.314893Z  INFO _core::api::auth::login: Loaded 53194 contracts after login
