2026-07-24 03:33:06 | INFO    | ============================================================
2026-07-24 03:33:06 | INFO    | SMC Monitor Logger 啟動 | log file: D:\Antigravity\smc-trading\logs\monitor_20260724.log
2026-07-24 03:33:06 | INFO    | ============================================================
2026-07-24 03:33:06 | INFO    | SMC 監控系統啟動 | mode=mock
2026-07-24 03:33:06 | INFO    | ============================================================
2026-07-24 03:33:06 | INFO    | 正在載入初始歷史數據，建立結構基礎...
2026-07-24 03:33:06 | INFO    | 成功自本地快取檔案 shioaji_TXFR1_2026-07-14_2026-07-15.csv 載入 1000 根真實 1M K 線歷史數據！
2026-07-24 03:33:06 | INFO    | 啟動模擬實時監控 (1M K線加速為每 10 秒一根)...
2026-07-24 03:33:06 | INFO    | 開始接收模擬報價，按下 Ctrl+C 結束監控。
2026-07-24 03:33:06 | INFO    | ======================================================================
2026-07-24 03:33:16 | INFO    | [03:33:06] 價格: 45104.3 | 大結構趨勢 (5M): NONE
2026-07-24 03:33:16 | INFO    |        即時信號 : ★ [流動性掠奪] Sweep Low 形成！(買方防守)
2026-07-24 03:33:16 | INFO    |        多頭 OB  : [45136.0 - 45157.0] | 空頭 OB  : [45168.0 - 45176.0]
2026-07-24 03:33:16 | INFO    |        多頭 FVG : [45099.0 - 45099.7] | 空頭 FVG : 無
2026-07-24 03:33:16 | INFO    | ----------------------------------------------------------------------
2026-07-24 03:33:16 | INFO    | [過濾] 偵測到信號但建議無效，已跳過發送 Telegram 通知。
2026-07-24 03:33:29 | INFO    | ============================================================
2026-07-24 03:33:29 | INFO    | SMC Monitor Logger 啟動 | log file: D:\Antigravity\smc-trading\logs\monitor_20260724.log
2026-07-24 03:33:29 | INFO    | ============================================================
2026-07-24 03:33:29 | INFO    | SMC 監控系統啟動 | mode=mock
2026-07-24 03:33:29 | INFO    | ============================================================
2026-07-24 03:33:29 | INFO    | 正在載入初始歷史數據，建立結構基礎...
2026-07-24 03:33:30 | INFO    | 成功自本地快取檔案 shioaji_TXFR1_2026-07-14_2026-07-15.csv 載入 1000 根真實 1M K 線歷史數據！
2026-07-24 03:33:30 | INFO    | 啟動模擬實時監控 (1M K線加速為每 10 秒一根)...
2026-07-24 03:33:30 | INFO    | 開始接收模擬報價，按下 Ctrl+C 結束監控。
2026-07-24 03:33:30 | INFO    | ======================================================================
2026-07-24 03:33:40 | INFO    | [03:33:30] 價格: 45090.7 | 大結構趨勢 (5M): NONE
2026-07-24 03:33:40 | INFO    |        即時信號 : 無特殊信號
2026-07-24 03:33:40 | INFO    |        多頭 OB  : [45136.0 - 45157.0] | 空頭 OB  : [45168.0 - 45176.0]
2026-07-24 03:33:40 | INFO    |        多頭 FVG : 無 | 空頭 FVG : [45094.6 - 45095.0]
2026-07-24 03:33:40 | INFO    | ----------------------------------------------------------------------
2026-07-24 03:33:50 | INFO    | [03:33:40] 價格: 45087.7 | 大結構趨勢 (5M): NONE
2026-07-24 03:33:50 | INFO    |        即時信號 : 無特殊信號
2026-07-24 03:33:50 | INFO    |        多頭 OB  : [45136.0 - 45157.0] | 空頭 OB  : [45168.0 - 45176.0]
2026-07-24 03:33:50 | INFO    |        多頭 FVG : 無 | 空頭 FVG : 無
2026-07-24 03:33:50 | INFO    | ----------------------------------------------------------------------
2026-07-24 03:34:00 | INFO    | [03:33:50] 價格: 45089.8 | 大結構趨勢 (5M): NONE
2026-07-24 03:34:00 | INFO    |        即時信號 : 無特殊信號
2026-07-24 03:34:00 | INFO    |        多頭 OB  : [45136.0 - 45157.0] | 空頭 OB  : [45168.0 - 45176.0]
2026-07-24 03:34:00 | INFO    |        多頭 FVG : 無 | 空頭 FVG : 無
2026-07-24 03:34:00 | INFO    | ----------------------------------------------------------------------
2026-07-24 03:34:10 | INFO    | [03:34:00] 價格: 45088.7 | 大結構趨勢 (5M): NONE
2026-07-24 03:34:10 | INFO    |        即時信號 : 無特殊信號
2026-07-24 03:34:10 | INFO    |        多頭 OB  : [45136.0 - 45157.0] | 空頭 OB  : [45168.0 - 45176.0]
2026-07-24 03:34:10 | INFO    |        多頭 FVG : 無 | 空頭 FVG : 無
2026-07-24 03:34:10 | INFO    | ----------------------------------------------------------------------
2026-07-24 03:44:56 | INFO    | ============================================================
2026-07-24 03:44:56 | INFO    | SMC Monitor Logger 啟動 | log file: D:\Antigravity\smc-trading\logs\monitor_20260724.log
2026-07-24 03:44:56 | INFO    | ============================================================
2026-07-24 03:44:56 | INFO    | SMC 監控系統啟動 | mode=shioaji
2026-07-24 03:44:56 | INFO    | ============================================================
2026-07-24 03:44:56 | INFO    | 正在載入初始歷史數據，建立結構基礎...
2026-07-24 03:44:56 | INFO    | 成功自本地快取檔案 shioaji_TXFR1_2026-07-14_2026-07-15.csv 載入 1000 根真實 1M K 線歷史數據！
2026-07-24 03:44:57 | INFO    | 正在登入 Shioaji API 進行實時監控...
2026-07-24 03:44:57 | INFO    | 登入成功！正在取得台指期近月合約...
2026-07-24 03:45:03 | INFO    | 訂閱商品: TXFR1 - 臺股期貨近月
2026-07-24 03:45:03 | INFO    | 開始接收即時報價，按下 Ctrl+C 結束監控。
2026-07-24 03:45:03 | INFO    | ============================================================
2026-07-24 03:46:06 | INFO    | [03:45:01] 價格: 44173.0 | 大結構趨勢 (5M): BULLISH
2026-07-24 03:46:06 | INFO    |        即時信號 : 無特殊信號
2026-07-24 03:46:06 | INFO    |        多頭 OB  : [45136.0 - 45157.0] | 空頭 OB  : [45168.0 - 45176.0]
2026-07-24 03:46:06 | INFO    |        多頭 FVG : 無 | 空頭 FVG : [44187.0 - 45095.0]
2026-07-24 03:46:06 | INFO    | ----------------------------------------------------------------------
2026-07-24 03:47:08 | INFO    | [03:46:02] 價格: 44150.0 | 大結構趨勢 (5M): BULLISH
2026-07-24 03:47:08 | INFO    |        即時信號 : 無特殊信號
2026-07-24 03:47:08 | INFO    |        多頭 OB  : [45136.0 - 45157.0] | 空頭 OB  : [45168.0 - 45176.0]
2026-07-24 03:47:08 | INFO    |        多頭 FVG : 無 | 空頭 FVG : [44170.0 - 45088.0]
2026-07-24 03:47:08 | INFO    | ----------------------------------------------------------------------
2026-07-24 03:48:08 | INFO    | [03:47:04] 價格: 44175.0 | 大結構趨勢 (5M): BULLISH
2026-07-24 03:48:08 | INFO    |        即時信號 : 無特殊信號
2026-07-24 03:48:08 | INFO    |        多頭 OB  : [45136.0 - 45157.0] | 空頭 OB  : [45168.0 - 45176.0]
2026-07-24 03:48:08 | INFO    |        多頭 FVG : 無 | 空頭 FVG : 無
2026-07-24 03:48:08 | INFO    | ----------------------------------------------------------------------
2026-07-24 03:49:09 | INFO    | [03:48:05] 價格: 44163.0 | 大結構趨勢 (5M): BULLISH
2026-07-24 03:49:09 | INFO    |        即時信號 : 無特殊信號
2026-07-24 03:49:09 | INFO    |        多頭 OB  : [45136.0 - 45157.0] | 空頭 OB  : [45168.0 - 45176.0]
2026-07-24 03:49:09 | INFO    |        多頭 FVG : 無 | 空頭 FVG : 無
2026-07-24 03:49:09 | INFO    | ----------------------------------------------------------------------
2026-07-24 03:50:10 | INFO    | [03:49:06] 價格: 44213.0 | 大結構趨勢 (5M): BULLISH
2026-07-24 03:50:10 | INFO    |        即時信號 : 無特殊信號
2026-07-24 03:50:10 | INFO    |        多頭 OB  : [45136.0 - 45157.0] | 空頭 OB  : [45168.0 - 45176.0]
2026-07-24 03:50:10 | INFO    |        多頭 FVG : 無 | 空頭 FVG : 無
2026-07-24 03:50:10 | INFO    | ----------------------------------------------------------------------
2026-07-24 03:51:11 | INFO    | [03:50:06] 價格: 44183.0 | 大結構趨勢 (5M): BULLISH
2026-07-24 03:51:11 | INFO    |        即時信號 : 無特殊信號
2026-07-24 03:51:11 | INFO    |        多頭 OB  : [45136.0 - 45157.0] | 空頭 OB  : [45168.0 - 45176.0]
2026-07-24 03:51:11 | INFO    |        多頭 FVG : [44176.0 - 44181.0] | 空頭 FVG : 無
2026-07-24 03:51:11 | INFO    | ----------------------------------------------------------------------
2026-07-24 03:52:13 | INFO    | [03:51:07] 價格: 44212.0 | 大結構趨勢 (5M): BULLISH
2026-07-24 03:52:13 | INFO    |        即時信號 : 無特殊信號
2026-07-24 03:52:13 | INFO    |        多頭 OB  : [45136.0 - 45157.0] | 空頭 OB  : [45168.0 - 45176.0]
2026-07-24 03:52:13 | INFO    |        多頭 FVG : 無 | 空頭 FVG : 無
2026-07-24 03:52:13 | INFO    | ----------------------------------------------------------------------
2026-07-24 03:53:13 | INFO    | [03:52:10] 價格: 44169.0 | 大結構趨勢 (5M): BULLISH
2026-07-24 03:53:13 | INFO    |        即時信號 : 無特殊信號
2026-07-24 03:53:13 | INFO    |        多頭 OB  : [45136.0 - 45157.0] | 空頭 OB  : [45168.0 - 45176.0]
2026-07-24 03:53:13 | INFO    |        多頭 FVG : 無 | 空頭 FVG : 無
2026-07-24 03:53:13 | INFO    | ----------------------------------------------------------------------
2026-07-24 03:54:13 | INFO    | [03:53:10] 價格: 44168.0 | 大結構趨勢 (5M): BULLISH
2026-07-24 03:54:13 | INFO    |        即時信號 : 無特殊信號
2026-07-24 03:54:13 | INFO    |        多頭 OB  : [45136.0 - 45157.0] | 空頭 OB  : [45168.0 - 45176.0]
2026-07-24 03:54:13 | INFO    |        多頭 FVG : 無 | 空頭 FVG : 無
2026-07-24 03:54:13 | INFO    | ----------------------------------------------------------------------
2026-07-24 03:55:14 | INFO    | [03:54:10] 價格: 44222.0 | 大結構趨勢 (5M): BULLISH
2026-07-24 03:55:14 | INFO    |        即時信號 : ★★ [結構轉換] MSS Bullish 確立！趨勢轉多
2026-07-24 03:55:14 | INFO    |        多頭 OB  : [44166.0 - 44207.0] | 空頭 OB  : [45168.0 - 45176.0]
2026-07-24 03:55:14 | INFO    |        多頭 FVG : 無 | 空頭 FVG : 無
2026-07-24 03:55:14 | INFO    | ----------------------------------------------------------------------
2026-07-24 03:55:14 | SIGNAL  | 訊號觸發，發送 Telegram 通知: ★★ [結構轉換] MSS Bullish 確立 (多頭訊號)！
2026-07-24 03:55:15 | INFO    | [Telegram] 訊息發送成功 | chat_id=-1004387856503
2026-07-24 03:56:24 | INFO    | [03:55:10] 價格: 44228.0 | 大結構趨勢 (5M): BULLISH
2026-07-24 03:56:24 | INFO    |        即時信號 : 無特殊信號
2026-07-24 03:56:24 | INFO    |        多頭 OB  : [44166.0 - 44207.0] | 空頭 OB  : [45168.0 - 45176.0]
2026-07-24 03:56:24 | INFO    |        多頭 FVG : [44181.0 - 44219.0] | 空頭 FVG : 無
2026-07-24 03:56:24 | INFO    | ----------------------------------------------------------------------
2026-07-24 03:57:26 | INFO    | [03:56:20] 價格: 44242.0 | 大結構趨勢 (5M): BULLISH
2026-07-24 03:57:26 | INFO    |        即時信號 : 無特殊信號
2026-07-24 03:57:26 | INFO    |        多頭 OB  : [44166.0 - 44207.0] | 空頭 OB  : [45168.0 - 45176.0]
2026-07-24 03:57:26 | INFO    |        多頭 FVG : [44226.0 - 44230.0] | 空頭 FVG : 無
2026-07-24 03:57:26 | INFO    | ----------------------------------------------------------------------
2026-07-24 03:58:26 | INFO    | [03:57:22] 價格: 44284.0 | 大結構趨勢 (5M): BULLISH
2026-07-24 03:58:26 | INFO    |        即時信號 : 無特殊信號
2026-07-24 03:58:26 | INFO    |        多頭 OB  : [44166.0 - 44207.0] | 空頭 OB  : [45168.0 - 45176.0]
2026-07-24 03:58:26 | INFO    |        多頭 FVG : [44232.0 - 44241.0] | 空頭 FVG : 無
2026-07-24 03:58:26 | INFO    | ----------------------------------------------------------------------
2026-07-24 03:59:35 | INFO    | [03:58:23] 價格: 44289.0 | 大結構趨勢 (5M): BULLISH
2026-07-24 03:59:35 | INFO    |        即時信號 : 無特殊信號
2026-07-24 03:59:35 | INFO    |        多頭 OB  : [44166.0 - 44207.0] | 空頭 OB  : [45168.0 - 45176.0]
2026-07-24 03:59:35 | INFO    |        多頭 FVG : [44243.0 - 44280.0] | 空頭 FVG : 無
2026-07-24 03:59:35 | INFO    | ----------------------------------------------------------------------
2026-07-24 04:00:40 | INFO    | [03:59:31] 價格: 44321.0 | 大結構趨勢 (5M): BULLISH
2026-07-24 04:00:40 | INFO    |        即時信號 : 無特殊信號
2026-07-24 04:00:40 | INFO    |        多頭 OB  : [44166.0 - 44207.0] | 空頭 OB  : [45168.0 - 45176.0]
2026-07-24 04:00:40 | INFO    |        多頭 FVG : [44284.0 - 44292.0] | 空頭 FVG : 無
2026-07-24 04:00:40 | INFO    | ----------------------------------------------------------------------
2026-07-24 04:01:53 | INFO    | [04:00:37] 價格: 44317.0 | 大結構趨勢 (5M): BULLISH
2026-07-24 04:01:53 | INFO    |        即時信號 : 無特殊信號
2026-07-24 04:01:53 | INFO    |        多頭 OB  : [44166.0 - 44207.0] | 空頭 OB  : [45168.0 - 45176.0]
2026-07-24 04:01:53 | INFO    |        多頭 FVG : [44312.0 - 44317.0] | 空頭 FVG : 無
2026-07-24 04:01:53 | INFO    | ----------------------------------------------------------------------
2026-07-24 04:03:08 | INFO    | [04:01:50] 價格: 44334.0 | 大結構趨勢 (5M): BULLISH
2026-07-24 04:03:08 | INFO    |        即時信號 : 無特殊信號
2026-07-24 04:03:08 | INFO    |        多頭 OB  : [44166.0 - 44207.0] | 空頭 OB  : [45168.0 - 45176.0]
2026-07-24 04:03:08 | INFO    |        多頭 FVG : 無 | 空頭 FVG : 無
2026-07-24 04:03:08 | INFO    | ----------------------------------------------------------------------
2026-07-24 04:04:20 | INFO    | [04:03:04] 價格: 44365.0 | 大結構趨勢 (5M): BULLISH
2026-07-24 04:04:20 | INFO    |        即時信號 : 無特殊信號
2026-07-24 04:04:20 | INFO    |        多頭 OB  : [44166.0 - 44207.0] | 空頭 OB  : [45168.0 - 45176.0]
2026-07-24 04:04:20 | INFO    |        多頭 FVG : 無 | 空頭 FVG : 無
2026-07-24 04:04:20 | INFO    | ----------------------------------------------------------------------
2026-07-24 04:04:42 | INFO    | ============================================================
2026-07-24 04:04:42 | INFO    | SMC Monitor Logger 啟動 | log file: D:\Antigravity\smc-trading\logs\monitor_20260724.log
2026-07-24 04:04:42 | INFO    | ============================================================
2026-07-24 04:04:42 | INFO    | SMC 監控系統啟動 | mode=mock
2026-07-24 04:04:42 | INFO    | ============================================================
2026-07-24 04:04:42 | INFO    | 正在載入初始歷史數據，建立結構基礎...
2026-07-24 04:04:42 | INFO    | 成功自本地快取檔案 shioaji_TXFR1_2026-07-14_2026-07-15.csv 載入 1000 根真實 1M K 線歷史數據！
2026-07-24 04:04:42 | INFO    | 啟動模擬實時監控 (1M K線加速為每 10 秒一根)...
2026-07-24 04:04:42 | INFO    | 開始接收模擬報價，按下 Ctrl+C 結束監控。
2026-07-24 04:04:42 | INFO    | ======================================================================
2026-07-24 04:04:52 | INFO    | [04:04:42] 價格: 45094.5 | 大結構趨勢 (5M): NONE
2026-07-24 04:04:52 | INFO    |        即時信號 : 無特殊信號
2026-07-24 04:04:52 | INFO    |        多頭 OB  : [45136.0 - 45157.0] | 空頭 OB  : [45168.0 - 45176.0]
2026-07-24 04:04:52 | INFO    |        多頭 FVG : 無 | 空頭 FVG : 無
2026-07-24 04:04:52 | INFO    | ----------------------------------------------------------------------
2026-07-24 04:05:02 | INFO    | [04:04:52] 價格: 45097.5 | 大結構趨勢 (5M): NONE
2026-07-24 04:05:02 | INFO    |        即時信號 : 無特殊信號
2026-07-24 04:05:02 | INFO    |        多頭 OB  : [45136.0 - 45157.0] | 空頭 OB  : [45168.0 - 45176.0]
2026-07-24 04:05:02 | INFO    |        多頭 FVG : 無 | 空頭 FVG : 無
2026-07-24 04:05:02 | INFO    | ----------------------------------------------------------------------
2026-07-24 04:05:12 | INFO    | [04:05:02] 價格: 45091.8 | 大結構趨勢 (5M): NONE
2026-07-24 04:05:12 | INFO    |        即時信號 : 無特殊信號
2026-07-24 04:05:12 | INFO    |        多頭 OB  : [45136.0 - 45157.0] | 空頭 OB  : [45168.0 - 45176.0]
2026-07-24 04:05:12 | INFO    |        多頭 FVG : 無 | 空頭 FVG : 無
2026-07-24 04:05:12 | INFO    | ----------------------------------------------------------------------
2026-07-24 04:05:20 | INFO    | [04:04:17] 價格: 44359.0 | 大結構趨勢 (5M): BULLISH
2026-07-24 04:05:20 | INFO    |        即時信號 : 無特殊信號
2026-07-24 04:05:20 | INFO    |        多頭 OB  : [44166.0 - 44207.0] | 空頭 OB  : [45168.0 - 45176.0]
2026-07-24 04:05:20 | INFO    |        多頭 FVG : [44334.0 - 44353.0] | 空頭 FVG : 無
2026-07-24 04:05:20 | INFO    | ----------------------------------------------------------------------
2026-07-24 04:05:23 | INFO    | [04:05:12] 價格: 45087.9 | 大結構趨勢 (5M): NONE
2026-07-24 04:05:23 | INFO    |        即時信號 : 無特殊信號
2026-07-24 04:05:23 | INFO    |        多頭 OB  : [45136.0 - 45157.0] | 空頭 OB  : [45168.0 - 45176.0]
2026-07-24 04:05:23 | INFO    |        多頭 FVG : 無 | 空頭 FVG : [45092.0 - 45092.9]
2026-07-24 04:05:23 | INFO    | ----------------------------------------------------------------------
2026-07-24 04:06:22 | INFO    | [04:05:17] 價格: 44360.0 | 大結構趨勢 (5M): BULLISH
2026-07-24 04:06:22 | INFO    |        即時信號 : 無特殊信號
2026-07-24 04:06:22 | INFO    |        多頭 OB  : [44166.0 - 44207.0] | 空頭 OB  : [45168.0 - 45176.0]
2026-07-24 04:06:22 | INFO    |        多頭 FVG : 無 | 空頭 FVG : 無
2026-07-24 04:06:22 | INFO    | ----------------------------------------------------------------------
2026-07-24 04:07:24 | INFO    | [04:06:19] 價格: 44376.0 | 大結構趨勢 (5M): BULLISH
2026-07-24 04:07:24 | INFO    |        即時信號 : 無特殊信號
2026-07-24 04:07:24 | INFO    |        多頭 OB  : [44166.0 - 44207.0] | 空頭 OB  : [45168.0 - 45176.0]
2026-07-24 04:07:24 | INFO    |        多頭 FVG : [44360.0 - 44361.0] | 空頭 FVG : 無
2026-07-24 04:07:24 | INFO    | ----------------------------------------------------------------------
2026-07-24 04:08:28 | INFO    | [04:07:20] 價格: 44387.0 | 大結構趨勢 (5M): BULLISH
2026-07-24 04:08:28 | INFO    |        即時信號 : 無特殊信號
2026-07-24 04:08:28 | INFO    |        多頭 OB  : [44166.0 - 44207.0] | 空頭 OB  : [45168.0 - 45176.0]
2026-07-24 04:08:28 | INFO    |        多頭 FVG : 無 | 空頭 FVG : 無
2026-07-24 04:08:28 | INFO    | ----------------------------------------------------------------------
2026-07-24 04:09:32 | INFO    | [04:08:25] 價格: 44385.0 | 大結構趨勢 (5M): BULLISH
2026-07-24 04:09:32 | INFO    |        即時信號 : 無特殊信號
2026-07-24 04:09:32 | INFO    |        多頭 OB  : [44166.0 - 44207.0] | 空頭 OB  : [45168.0 - 45176.0]
2026-07-24 04:09:32 | INFO    |        多頭 FVG : 無 | 空頭 FVG : 無
2026-07-24 04:09:32 | INFO    | ----------------------------------------------------------------------
2026-07-24 04:10:33 | INFO    | [04:09:28] 價格: 44388.0 | 大結構趨勢 (5M): BULLISH
2026-07-24 04:10:33 | INFO    |        即時信號 : 無特殊信號
2026-07-24 04:10:33 | INFO    |        多頭 OB  : [44166.0 - 44207.0] | 空頭 OB  : [45168.0 - 45176.0]
2026-07-24 04:10:33 | INFO    |        多頭 FVG : 無 | 空頭 FVG : 無
2026-07-24 04:10:33 | INFO    | ----------------------------------------------------------------------
2026-07-24 04:11:33 | INFO    | [04:10:29] 價格: 44398.0 | 大結構趨勢 (5M): BULLISH
2026-07-24 04:11:33 | INFO    |        即時信號 : 無特殊信號
2026-07-24 04:11:33 | INFO    |        多頭 OB  : [44166.0 - 44207.0] | 空頭 OB  : [45168.0 - 45176.0]
2026-07-24 04:11:33 | INFO    |        多頭 FVG : 無 | 空頭 FVG : 無
2026-07-24 04:11:33 | INFO    | ----------------------------------------------------------------------
2026-07-24 04:12:33 | INFO    | [04:11:29] 價格: 44418.0 | 大結構趨勢 (5M): BULLISH
2026-07-24 04:12:33 | INFO    |        即時信號 : 無特殊信號
2026-07-24 04:12:33 | INFO    |        多頭 OB  : [44166.0 - 44207.0] | 空頭 OB  : [45168.0 - 45176.0]
2026-07-24 04:12:33 | INFO    |        多頭 FVG : 無 | 空頭 FVG : 無
2026-07-24 04:12:33 | INFO    | ----------------------------------------------------------------------
2026-07-24 04:13:33 | INFO    | [04:12:30] 價格: 44424.0 | 大結構趨勢 (5M): BULLISH
2026-07-24 04:13:33 | INFO    |        即時信號 : 無特殊信號
2026-07-24 04:13:33 | INFO    |        多頭 OB  : [44166.0 - 44207.0] | 空頭 OB  : [45168.0 - 45176.0]
2026-07-24 04:13:33 | INFO    |        多頭 FVG : 無 | 空頭 FVG : 無
2026-07-24 04:13:33 | INFO    | ----------------------------------------------------------------------
2026-07-24 04:14:41 | INFO    | [04:13:30] 價格: 44420.0 | 大結構趨勢 (5M): BULLISH
2026-07-24 04:14:41 | INFO    |        即時信號 : 無特殊信號
2026-07-24 04:14:41 | INFO    |        多頭 OB  : [44166.0 - 44207.0] | 空頭 OB  : [45168.0 - 45176.0]
2026-07-24 04:14:41 | INFO    |        多頭 FVG : 無 | 空頭 FVG : 無
2026-07-24 04:14:41 | INFO    | ----------------------------------------------------------------------
2026-07-24 04:15:57 | INFO    | [04:14:37] 價格: 44426.0 | 大結構趨勢 (5M): BULLISH
2026-07-24 04:15:57 | INFO    |        即時信號 : 無特殊信號
2026-07-24 04:15:57 | INFO    |        多頭 OB  : [44166.0 - 44207.0] | 空頭 OB  : [45168.0 - 45176.0]
2026-07-24 04:15:57 | INFO    |        多頭 FVG : 無 | 空頭 FVG : 無
2026-07-24 04:15:57 | INFO    | ----------------------------------------------------------------------
2026-07-24 04:16:59 | INFO    | [04:15:53] 價格: 44412.0 | 大結構趨勢 (5M): BULLISH
2026-07-24 04:16:59 | INFO    |        即時信號 : 無特殊信號
2026-07-24 04:16:59 | INFO    |        多頭 OB  : [44166.0 - 44207.0] | 空頭 OB  : [45168.0 - 45176.0]
2026-07-24 04:16:59 | INFO    |        多頭 FVG : 無 | 空頭 FVG : 無
2026-07-24 04:16:59 | INFO    | ----------------------------------------------------------------------
2026-07-24 04:18:11 | INFO    | [04:16:55] 價格: 44415.0 | 大結構趨勢 (5M): BULLISH
2026-07-24 04:18:11 | INFO    |        即時信號 : 無特殊信號
2026-07-24 04:18:11 | INFO    |        多頭 OB  : [44166.0 - 44207.0] | 空頭 OB  : [45168.0 - 45176.0]
2026-07-24 04:18:11 | INFO    |        多頭 FVG : 無 | 空頭 FVG : 無
2026-07-24 04:18:11 | INFO    | ----------------------------------------------------------------------
2026-07-24 04:19:35 | INFO    | [04:18:07] 價格: 44425.0 | 大結構趨勢 (5M): BULLISH
2026-07-24 04:19:35 | INFO    |        即時信號 : 無特殊信號
2026-07-24 04:19:35 | INFO    |        多頭 OB  : [44166.0 - 44207.0] | 空頭 OB  : [45168.0 - 45176.0]
2026-07-24 04:19:35 | INFO    |        多頭 FVG : 無 | 空頭 FVG : 無
2026-07-24 04:19:35 | INFO    | ----------------------------------------------------------------------
2026-07-24 04:20:37 | INFO    | [04:19:32] 價格: 44444.0 | 大結構趨勢 (5M): BULLISH
2026-07-24 04:20:37 | INFO    |        即時信號 : 無特殊信號
2026-07-24 04:20:37 | INFO    |        多頭 OB  : [44166.0 - 44207.0] | 空頭 OB  : [45168.0 - 45176.0]
2026-07-24 04:20:37 | INFO    |        多頭 FVG : [44415.0 - 44425.0] | 空頭 FVG : 無
2026-07-24 04:20:37 | INFO    | ----------------------------------------------------------------------
2026-07-24 04:21:38 | INFO    | [04:20:33] 價格: 44429.0 | 大結構趨勢 (5M): BULLISH
2026-07-24 04:21:38 | INFO    |        即時信號 : 無特殊信號
2026-07-24 04:21:38 | INFO    |        多頭 OB  : [44166.0 - 44207.0] | 空頭 OB  : [45168.0 - 45176.0]
2026-07-24 04:21:38 | INFO    |        多頭 FVG : 無 | 空頭 FVG : 無
2026-07-24 04:21:38 | INFO    | ----------------------------------------------------------------------
2026-07-24 04:23:12 | INFO    | [04:21:35] 價格: 44428.0 | 大結構趨勢 (5M): BULLISH
2026-07-24 04:23:12 | INFO    |        即時信號 : 無特殊信號
2026-07-24 04:23:12 | INFO    |        多頭 OB  : [44166.0 - 44207.0] | 空頭 OB  : [45168.0 - 45176.0]
2026-07-24 04:23:12 | INFO    |        多頭 FVG : 無 | 空頭 FVG : 無
2026-07-24 04:23:12 | INFO    | ----------------------------------------------------------------------
2026-07-24 04:24:13 | INFO    | [04:23:08] 價格: 44431.0 | 大結構趨勢 (5M): BULLISH
2026-07-24 04:24:13 | INFO    |        即時信號 : 無特殊信號
2026-07-24 04:24:13 | INFO    |        多頭 OB  : [44166.0 - 44207.0] | 空頭 OB  : [45168.0 - 45176.0]
2026-07-24 04:24:13 | INFO    |        多頭 FVG : 無 | 空頭 FVG : 無
2026-07-24 04:24:13 | INFO    | ----------------------------------------------------------------------
2026-07-24 04:25:27 | INFO    | [04:24:09] 價格: 44422.0 | 大結構趨勢 (5M): BULLISH
2026-07-24 04:25:27 | INFO    |        即時信號 : 無特殊信號
2026-07-24 04:25:27 | INFO    |        多頭 OB  : [44166.0 - 44207.0] | 空頭 OB  : [45168.0 - 45176.0]
2026-07-24 04:25:27 | INFO    |        多頭 FVG : 無 | 空頭 FVG : 無
2026-07-24 04:25:27 | INFO    | ----------------------------------------------------------------------
2026-07-24 04:26:27 | INFO    | [04:25:23] 價格: 44424.0 | 大結構趨勢 (5M): BULLISH
2026-07-24 04:26:27 | INFO    |        即時信號 : 無特殊信號
2026-07-24 04:26:27 | INFO    |        多頭 OB  : [44166.0 - 44207.0] | 空頭 OB  : [45168.0 - 45176.0]
2026-07-24 04:26:27 | INFO    |        多頭 FVG : 無 | 空頭 FVG : 無
2026-07-24 04:26:27 | INFO    | ----------------------------------------------------------------------
2026-07-24 04:27:36 | INFO    | [04:26:23] 價格: 44417.0 | 大結構趨勢 (5M): BULLISH
2026-07-24 04:27:36 | INFO    |        即時信號 : 無特殊信號
2026-07-24 04:27:36 | INFO    |        多頭 OB  : [44166.0 - 44207.0] | 空頭 OB  : [45168.0 - 45176.0]
2026-07-24 04:27:36 | INFO    |        多頭 FVG : 無 | 空頭 FVG : [44417.0 - 44419.0]
2026-07-24 04:27:36 | INFO    | ----------------------------------------------------------------------
2026-07-24 04:28:37 | INFO    | [04:27:33] 價格: 44415.0 | 大結構趨勢 (5M): BULLISH
2026-07-24 04:28:37 | INFO    |        即時信號 : 無特殊信號
2026-07-24 04:28:37 | INFO    |        多頭 OB  : [44166.0 - 44207.0] | 空頭 OB  : [45168.0 - 45176.0]
2026-07-24 04:28:37 | INFO    |        多頭 FVG : 無 | 空頭 FVG : [44415.0 - 44418.0]
2026-07-24 04:28:37 | INFO    | ----------------------------------------------------------------------
2026-07-24 04:29:46 | INFO    | [04:28:33] 價格: 44415.0 | 大結構趨勢 (5M): BULLISH
2026-07-24 04:29:46 | INFO    |        即時信號 : 無特殊信號
2026-07-24 04:29:46 | INFO    |        多頭 OB  : [44166.0 - 44207.0] | 空頭 OB  : [45168.0 - 45176.0]
2026-07-24 04:29:46 | INFO    |        多頭 FVG : 無 | 空頭 FVG : 無
2026-07-24 04:29:46 | INFO    | ----------------------------------------------------------------------
2026-07-24 04:30:51 | INFO    | [04:29:42] 價格: 44413.0 | 大結構趨勢 (5M): BULLISH
2026-07-24 04:30:51 | INFO    |        即時信號 : 無特殊信號
2026-07-24 04:30:51 | INFO    |        多頭 OB  : [44166.0 - 44207.0] | 空頭 OB  : [45168.0 - 45176.0]
2026-07-24 04:30:51 | INFO    |        多頭 FVG : 無 | 空頭 FVG : 無
2026-07-24 04:30:51 | INFO    | ----------------------------------------------------------------------
2026-07-24 04:32:07 | INFO    | [04:30:47] 價格: 44410.0 | 大結構趨勢 (5M): BULLISH
2026-07-24 04:32:07 | INFO    |        即時信號 : 無特殊信號
2026-07-24 04:32:07 | INFO    |        多頭 OB  : [44166.0 - 44207.0] | 空頭 OB  : [45168.0 - 45176.0]
2026-07-24 04:32:07 | INFO    |        多頭 FVG : 無 | 空頭 FVG : 無
2026-07-24 04:32:07 | INFO    | ----------------------------------------------------------------------
